2026-03-20 09:46:07 [INFO] Modo selecionado: pipeline completo
2026-03-20 09:46:07 [INFO] =======================================================
2026-03-20 09:46:07 [INFO] PIPELINE OLIST — INICIANDO
2026-03-20 09:46:07 [INFO] =======================================================
2026-03-20 09:46:07 [INFO] 4 notebook(s) validado(s) com sucesso.
2026-03-20 09:46:07 [INFO] [1/4] extract.ipynb
2026-03-20 09:46:07 [INFO] Iniciando: notebooks\ETL\extract.ipynb
2026-03-20 09:46:57 [ERROR] Falha ao executar: notebooks\ETL\extract.ipynb (49.8s)
2026-03-20 09:46:57 [ERROR] Detalhes do erro:
[NbConvertApp] Converting notebook notebooks\ETL\extract.ipynb to notebook
C:\Users\anail\AppData\Roaming\Python\Python314\site-packages\zmq\_future.py:718: RuntimeWarning: Proactor event loop does not implement add_reader family of methods required for zmq. Registering an additional selector thread for add_reader support via tornado. Use `asyncio.set_event_loop_policy(WindowsSelectorEventLoopPolicy())` to avoid this warning.
  self._get_loop()
Traceback (most recent call last):
  File "<frozen runpy>", line 198, in _run_module_as_main
  File "<frozen runpy>", line 88, in _run_code
  File "C:\Users\anail\AppData\Local\Programs\Python\Python314\Scripts\jupyter-nbconvert.EXE\__main__.py", line 5, in <module>
    sys.exit(main())
             ~~~~^^
  File "C:\Users\anail\AppData\Local\Programs\Python\Python314\Lib\site-packages\jupyter_core\application.py", line 284, in launch_instance
    super().launch_instance(argv=argv, **kwargs)
    ~~~~~~~~~~~~~~~~~~~~~~~^^^^^^^^^^^^^^^^^^^^^
  File "C:\Users\anail\AppData\Local\Programs\Python\Python314\Lib\site-packages\traitlets\config\application.py", line 1075, in launch_instance
    app.start()
    ~~~~~~~~~^^
  File "C:\Users\anail\AppData\Local\Programs\Python\Python314\Lib\site-packages\nbconvert\nbconvertapp.py", line 420, in start
    self.convert_notebooks()
    ~~~~~~~~~~~~~~~~~~~~~~^^
  File "C:\Users\anail\AppData\Local\Programs\Python\Python314\Lib\site-packages\nbconvert\nbconvertapp.py", line 597, in convert_notebooks
    self.convert_single_notebook(notebook_filename)
    ~~~~~~~~~~~~~~~~~~~~~~~~~~~~^^^^^^^^^^^^^^^^^^^
  File "C:\Users\anail\AppData\Local\Programs\Python\Python314\Lib\site-packages\nbconvert\nbconvertapp.py", line 563, in convert_single_notebook
    output, resources = self.export_single_notebook(
                        ~~~~~~~~~~~~~~~~~~~~~~~~~~~^
        notebook_filename, resources, input_buffer=input_buffer
        ^^^^^^^^^^^^^^^^^^^^^^^^^^^^^^^^^^^^^^^^^^^^^^^^^^^^^^^
    )
    ^
  File "C:\Users\anail\AppData\Local\Programs\Python\Python314\Lib\site-packages\nbconvert\nbconvertapp.py", line 487, in export_single_notebook
    output, resources = self.exporter.from_filename(
                        ~~~~~~~~~~~~~~~~~~~~~~~~~~~^
        notebook_filename, resources=resources
        ^^^^^^^^^^^^^^^^^^^^^^^^^^^^^^^^^^^^^^
    )
    ^
  File "C:\Users\anail\AppData\Local\Programs\Python\Python314\Lib\site-packages\nbconvert\exporters\exporter.py", line 201, in from_filename
    return self.from_file(f, resources=resources, **kw)
           ~~~~~~~~~~~~~~^^^^^^^^^^^^^^^^^^^^^^^^^^^^^^
  File "C:\Users\anail\AppData\Local\Programs\Python\Python314\Lib\site-packages\nbconvert\exporters\exporter.py", line 220, in from_file
    return self.from_notebook_node(
           ~~~~~~~~~~~~~~~~~~~~~~~^
        nbformat.read(file_stream, as_version=4), resources=resources, **kw
        ^^^^^^^^^^^^^^^^^^^^^^^^^^^^^^^^^^^^^^^^^^^^^^^^^^^^^^^^^^^^^^^^^^^
    )
    ^
  File "C:\Users\anail\AppData\Local\Programs\Python\Python314\Lib\site-packages\nbconvert\exporters\notebook.py", line 36, in from_notebook_node
    nb_copy, resources = super().from_notebook_node(nb, resources, **kw)
                         ~~~~~~~~~~~~~~~~~~~~~~~~~~^^^^^^^^^^^^^^^^^^^^^
  File "C:\Users\anail\AppData\Local\Programs\Python\Python314\Lib\site-packages\nbconvert\exporters\exporter.py", line 154, in from_notebook_node
    nb_copy, resources = self._preprocess(nb_copy, resources)
                         ~~~~~~~~~~~~~~~~^^^^^^^^^^^^^^^^^^^^
  File "C:\Users\anail\AppData\Local\Programs\Python\Python314\Lib\site-packages\nbconvert\exporters\exporter.py", line 353, in _preprocess
    nbc, resc = preprocessor(nbc, resc)
                ~~~~~~~~~~~~^^^^^^^^^^^
  File "C:\Users\anail\AppData\Local\Programs\Python\Python314\Lib\site-packages\nbconvert\preprocessors\base.py", line 48, in __call__
    return self.preprocess(nb, resources)
           ~~~~~~~~~~~~~~~^^^^^^^^^^^^^^^
  File "C:\Users\anail\AppData\Local\Programs\Python\Python314\Lib\site-packages\nbconvert\preprocessors\execute.py", line 103, in preprocess
    self.preprocess_cell(cell, resources, index)
    ~~~~~~~~~~~~~~~~~~~~^^^^^^^^^^^^^^^^^^^^^^^^
  File "C:\Users\anail\AppData\Local\Programs\Python\Python314\Lib\site-packages\nbconvert\preprocessors\execute.py", line 124, in preprocess_cell
    cell = self.execute_cell(cell, index, store_history=True)
  File "C:\Users\anail\AppData\Local\Programs\Python\Python314\Lib\site-packages\jupyter_core\utils\__init__.py", line 165, in wrapped
    return loop.run_until_complete(inner)
           ~~~~~~~~~~~~~~~~~~~~~~~^^^^^^^
  File "C:\Users\anail\AppData\Local\Programs\Python\Python314\Lib\asyncio\base_events.py", line 719, in run_until_complete
    return future.result()
           ~~~~~~~~~~~~~^^
  File "C:\Users\anail\AppData\Local\Programs\Python\Python314\Lib\site-packages\nbclient\client.py", line 1062, in async_execute_cell
    await self._check_raise_for_error(cell, cell_index, exec_reply)
  File "C:\Users\anail\AppData\Local\Programs\Python\Python314\Lib\site-packages\nbclient\client.py", line 918, in _check_raise_for_error
    raise CellExecutionError.from_cell_and_msg(cell, exec_reply_content)
nbclient.exceptions.CellExecutionError: An error occurred while executing the following cell:
------------------
import pandas as pd
from dotenv import load_dotenv
import os

load_dotenv()

data_path = '../data/'

orders = pd.read_csv(data_path + 'olist_orders_dataset.csv')
order_items = pd.read_csv(data_path + 'olist_order_items_dataset.csv')
customers = pd.read_csv(data_path + 'olist_customers_dataset.csv')
products = pd.read_csv(data_path + 'olist_products_dataset.csv')
reviews = pd.read_csv(data_path + 'olist_order_reviews_dataset.csv')
category_translation = pd.read_csv(data_path + 'product_category_name_translation.csv')

print("Extração concluída!")
for nome, df in {'orders': orders, 'order_items': order_items, 'customers': customers,
                  'products': products, 'reviews': reviews}.items():
    print(f"  {nome}: {df.shape[0]:,} linhas | {df.shape[1]} colunas")
------------------


[31m---------------------------------------------------------------------------[39m
[31mFileNotFoundError[39m                         Traceback (most recent call last)
[36mCell[39m[36m [39m[32mIn[1][39m[32m, line 9[39m
[32m      5[39m load_dotenv()
[32m      7[39m data_path = [33m'[39m[33m../data/[39m[33m'[39m
[32m----> [39m[32m9[39m orders = [43mpd[49m[43m.[49m[43mread_csv[49m[43m([49m[43mdata_path[49m[43m [49m[43m+[49m[43m [49m[33;43m'[39;49m[33;43molist_orders_dataset.csv[39;49m[33;43m'[39;49m[43m)[49m
[32m     10[39m order_items = pd.read_csv(data_path + [33m'[39m[33molist_order_items_dataset.csv[39m[33m'[39m)
[32m     11[39m customers = pd.read_csv(data_path + [33m'[39m[33molist_customers_dataset.csv[39m[33m'[39m)

[36mFile [39m[32m~\AppData\Local\Programs\Python\Python314\Lib\site-packages\pandas\io\parsers\readers.py:1026[39m, in [36mread_csv[39m[34m(filepath_or_buffer, sep, delimiter, header, names, index_col, usecols, dtype, engine, converters, true_values, false_values, skipinitialspace, skiprows, skipfooter, nrows, na_values, keep_default_na, na_filter, verbose, skip_blank_lines, parse_dates, infer_datetime_format, keep_date_col, date_parser, date_format, dayfirst, cache_dates, iterator, chunksize, compression, thousands, decimal, lineterminator, quotechar, quoting, doublequote, escapechar, comment, encoding, encoding_errors, dialect, on_bad_lines, delim_whitespace, low_memory, memory_map, float_precision, storage_options, dtype_backend)[39m
[32m   1013[39m kwds_defaults = _refine_defaults_read(
[32m   1014[39m     dialect,
[32m   1015[39m     delimiter,
[32m   (...)[39m[32m   1022[39m     dtype_backend=dtype_backend,
[32m   1023[39m )
[32m   1024[39m kwds.update(kwds_defaults)
[32m-> [39m[32m1026[39m [38;5;28;01mreturn[39;00m [43m_read[49m[43m([49m[43mfilepath_or_buffer[49m[43m,[49m[43m [49m[43mkwds[49m[43m)[49m

[36mFile [39m[32m~\AppData\Local\Programs\Python\Python314\Lib\site-packages\pandas\io\parsers\readers.py:620[39m, in [36m_read[39m[34m(filepath_or_buffer, kwds)[39m
[32m    617[39m _validate_names(kwds.get([33m"[39m[33mnames[39m[33m"[39m, [38;5;28;01mNone[39;00m))
[32m    619[39m [38;5;66;03m# Create the parser.[39;00m
[32m--> [39m[32m620[39m parser = [43mTextFileReader[49m[43m([49m[43mfilepath_or_buffer[49m[43m,[49m[43m [49m[43m*[49m[43m*[49m[43mkwds[49m[43m)[49m
[32m    622[39m [38;5;28;01mif[39;00m chunksize [38;5;129;01mor[39;00m iterator:
[32m    623[39m     [38;5;28;01mreturn[39;00m parser

[36mFile [39m[32m~\AppData\Local\Programs\Python\Python314\Lib\site-packages\pandas\io\parsers\readers.py:1620[39m, in [36mTextFileReader.__init__[39m[34m(self, f, engine, **kwds)[39m
[32m   1617[39m     [38;5;28mself[39m.options[[33m"[39m[33mhas_index_names[39m[33m"[39m] = kwds[[33m"[39m[33mhas_index_names[39m[33m"[39m]
[32m   1619[39m [38;5;28mself[39m.handles: IOHandles | [38;5;28;01mNone[39;00m = [38;5;28;01mNone[39;00m
[32m-> [39m[32m1620[39m [38;5;28mself[39m._engine = [38;5;28;43mself[39;49m[43m.[49m[43m_make_engine[49m[43m([49m[43mf[49m[43m,[49m[43m [49m[38;5;28;43mself[39;49m[43m.[49m[43mengine[49m[43m)[49m

[36mFile [39m[32m~\AppData\Local\Programs\Python\Python314\Lib\site-packages\pandas\io\parsers\readers.py:1880[39m, in [36mTextFileReader._make_engine[39m[34m(self, f, engine)[39m
[32m   1878[39m     [38;5;28;01mif[39;00m [33m"[39m[33mb[39m[33m"[39m [38;5;129;01mnot[39;00m [38;5;129;01min[39;00m mode:
[32m   1879[39m         mode += [33m"[39m[33mb[39m[33m"[39m
[32m-> [39m[32m1880[39m [38;5;28mself[39m.handles = [43mget_handle[49m[43m([49m
[32m   1881[39m [43m    [49m[43mf[49m[43m,[49m
[32m   1882[39m [43m    [49m[43mmode[49m[43m,[49m
[32m   1883[39m [43m    [49m[43mencoding[49m[43m=[49m[38;5;28;43mself[39;49m[43m.[49m[43moptions[49m[43m.[49m[43mget[49m[43m([49m[33;43m"[39;49m[33;43mencoding[39;49m[33;43m"[39;49m[43m,[49m[43m [49m[38;5;28;43;01mNone[39;49;00m[43m)[49m[43m,[49m
[32m   1884[39m [43m    [49m[43mcompression[49m[43m=[49m[38;5;28;43mself[39;49m[43m.[49m[43moptions[49m[43m.[49m[43mget[49m[43m([49m[33;43m"[39;49m[33;43mcompression[39;49m[33;43m"[39;49m[43m,[49m[43m [49m[38;5;28;43;01mNone[39;49;00m[43m)[49m[43m,[49m
[32m   1885[39m [43m    [49m[43mmemory_map[49m[43m=[49m[38;5;28;43mself[39;49m[43m.[49m[43moptions[49m[43m.[49m[43mget[49m[43m([49m[33;43m"[39;49m[33;43mmemory_map[39;49m[33;43m"[39;49m[43m,[49m[43m [49m[38;5;28;43;01mFalse[39;49;00m[43m)[49m[43m,[49m
[32m   1886[39m [43m    [49m[43mis_text[49m[43m=[49m[43mis_text[49m[43m,[49m
[32m   1887[39m [43m    [49m[43merrors[49m[43m=[49m[38;5;28;43mself[39;49m[43m.[49m[43moptions[49m[43m.[49m[43mget[49m[43m([49m[33;43m"[39;49m[33;43mencoding_errors[39;49m[33;43m"[39;49m[43m,[49m[43m [49m[33;43m"[39;49m[33;43mstrict[39;49m[33;43m"[39;49m[43m)[49m[43m,[49m
[32m   1888[39m [43m    [49m[43mstorage_options[49m[43m=[49m[38;5;28;43mself[39;49m[43m.[49m[43moptions[49m[43m.[49m[43mget[49m[43m([49m[33;43m"[39;49m[33;43mstorage_options[39;49m[33;43m"[39;49m[43m,[49m[43m [49m[38;5;28;43;01mNone[39;49;00m[43m)[49m[43m,[49m
[32m   1889[39m [43m[49m[43m)[49m
[32m   1890[39m [38;5;28;01massert[39;00m [38;5;28mself[39m.handles [38;5;129;01mis[39;00m [38;5;129;01mnot[39;00m [38;5;28;01mNone[39;00m
[32m   1891[39m f = [38;5;28mself[39m.handles.handle

[36mFile [39m[32m~\AppData\Local\Programs\Python\Python314\Lib\site-packages\pandas\io\common.py:873[39m, in [36mget_handle[39m[34m(path_or_buf, mode, encoding, compression, memory_map, is_text, errors, storage_options)[39m
[32m    868[39m [38;5;28;01melif[39;00m [38;5;28misinstance[39m(handle, [38;5;28mstr[39m):
[32m    869[39m     [38;5;66;03m# Check whether the filename is to be opened in binary mode.[39;00m
[32m    870[39m     [38;5;66;03m# Binary mode does not support 'encoding' and 'newline'.[39;00m
[32m    871[39m     [38;5;28;01mif[39;00m ioargs.encoding [38;5;129;01mand[39;00m [33m"[39m[33mb[39m[33m"[39m [38;5;129;01mnot[39;00m [38;5;129;01min[39;00m ioargs.mode:
[32m    872[39m         [38;5;66;03m# Encoding[39;00m
[32m--> [39m[32m873[39m         handle = [38;5;28;43mopen[39;49m[43m([49m
[32m    874[39m [43m            [49m[43mhandle[49m[43m,[49m
[32m    875[39m [43m            [49m[43mioargs[49m[43m.[49m[43mmode[49m[43m,[49m
[32m    876[39m [43m            [49m[43mencoding[49m[43m=[49m[43mioargs[49m[43m.[49m[43mencoding[49m[43m,[49m
[32m    877[39m [43m            [49m[43merrors[49m[43m=[49m[43merrors[49m[43m,[49m
[32m    878[39m [43m            [49m[43mnewline[49m[43m=[49m[33;43m"[39;49m[33;43m"[39;49m[43m,[49m
[32m    879[39m [43m        [49m[43m)[49m
[32m    880[39m     [38;5;28;01melse[39;00m:
[32m    881[39m         [38;5;66;03m# Binary mode[39;00m
[32m    882[39m         handle = [38;5;28mopen[39m(handle, ioargs.mode)

[31mFileNotFoundError[39m: [Errno 2] No such file or directory: '../data/olist_orders_dataset.csv'


2026-03-20 09:46:57 [ERROR] Notebook falhou: notebooks\ETL\extract.ipynb
Verifique o arquivo pipeline.log para mais detalhes.
2026-03-20 09:46:57 [ERROR] Pipeline interrompido.
2026-03-20 09:49:22 [INFO] Modo selecionado: pipeline completo
2026-03-20 09:49:22 [INFO] =======================================================
2026-03-20 09:49:22 [INFO] PIPELINE OLIST — INICIANDO
2026-03-20 09:49:22 [INFO] =======================================================
2026-03-20 09:49:22 [INFO] 4 notebook(s) validado(s) com sucesso.
2026-03-20 09:49:22 [INFO] [1/4] extract.ipynb
2026-03-20 09:49:22 [INFO] Iniciando: notebooks\ETL\extract.ipynb
2026-03-20 09:49:26 [ERROR] Falha ao executar: notebooks\ETL\extract.ipynb (3.0s)
2026-03-20 09:49:26 [ERROR] Detalhes do erro:
[NbConvertApp] WARNING | pattern 'notebooks\\ETL\\extract.ipynb' matched no files

2026-03-20 09:49:26 [ERROR] Notebook falhou: notebooks\ETL\extract.ipynb
Verifique o arquivo pipeline.log para mais detalhes.
2026-03-20 09:49:26 [ERROR] Pipeline interrompido.
2026-03-20 09:50:55 [INFO] Modo selecionado: pipeline completo
2026-03-20 09:50:55 [INFO] =======================================================
2026-03-20 09:50:55 [INFO] PIPELINE OLIST — INICIANDO
2026-03-20 09:50:55 [INFO] =======================================================
2026-03-20 09:50:55 [INFO] 4 notebook(s) validado(s) com sucesso.
2026-03-20 09:50:55 [INFO] [1/4] extract.ipynb
2026-03-20 09:50:55 [INFO] Iniciando: notebooks\ETL\extract.ipynb
2026-03-20 09:51:01 [ERROR] Falha ao executar: notebooks\ETL\extract.ipynb (6.1s)
2026-03-20 09:51:01 [ERROR] Detalhes do erro:
[NbConvertApp] Converting notebook extract.ipynb to notebook
C:\Users\anail\AppData\Roaming\Python\Python314\site-packages\zmq\_future.py:718: RuntimeWarning: Proactor event loop does not implement add_reader family of methods required for zmq. Registering an additional selector thread for add_reader support via tornado. Use `asyncio.set_event_loop_policy(WindowsSelectorEventLoopPolicy())` to avoid this warning.
  self._get_loop()
Traceback (most recent call last):
  File "<frozen runpy>", line 198, in _run_module_as_main
  File "<frozen runpy>", line 88, in _run_code
  File "C:\Users\anail\AppData\Local\Programs\Python\Python314\Scripts\jupyter-nbconvert.EXE\__main__.py", line 5, in <module>
    sys.exit(main())
             ~~~~^^
  File "C:\Users\anail\AppData\Local\Programs\Python\Python314\Lib\site-packages\jupyter_core\application.py", line 284, in launch_instance
    super().launch_instance(argv=argv, **kwargs)
    ~~~~~~~~~~~~~~~~~~~~~~~^^^^^^^^^^^^^^^^^^^^^
  File "C:\Users\anail\AppData\Local\Programs\Python\Python314\Lib\site-packages\traitlets\config\application.py", line 1075, in launch_instance
    app.start()
    ~~~~~~~~~^^
  File "C:\Users\anail\AppData\Local\Programs\Python\Python314\Lib\site-packages\nbconvert\nbconvertapp.py", line 420, in start
    self.convert_notebooks()
    ~~~~~~~~~~~~~~~~~~~~~~^^
  File "C:\Users\anail\AppData\Local\Programs\Python\Python314\Lib\site-packages\nbconvert\nbconvertapp.py", line 597, in convert_notebooks
    self.convert_single_notebook(notebook_filename)
    ~~~~~~~~~~~~~~~~~~~~~~~~~~~~^^^^^^^^^^^^^^^^^^^
  File "C:\Users\anail\AppData\Local\Programs\Python\Python314\Lib\site-packages\nbconvert\nbconvertapp.py", line 563, in convert_single_notebook
    output, resources = self.export_single_notebook(
                        ~~~~~~~~~~~~~~~~~~~~~~~~~~~^
        notebook_filename, resources, input_buffer=input_buffer
        ^^^^^^^^^^^^^^^^^^^^^^^^^^^^^^^^^^^^^^^^^^^^^^^^^^^^^^^
    )
    ^
  File "C:\Users\anail\AppData\Local\Programs\Python\Python314\Lib\site-packages\nbconvert\nbconvertapp.py", line 487, in export_single_notebook
    output, resources = self.exporter.from_filename(
                        ~~~~~~~~~~~~~~~~~~~~~~~~~~~^
        notebook_filename, resources=resources
        ^^^^^^^^^^^^^^^^^^^^^^^^^^^^^^^^^^^^^^
    )
    ^
  File "C:\Users\anail\AppData\Local\Programs\Python\Python314\Lib\site-packages\nbconvert\exporters\exporter.py", line 201, in from_filename
    return self.from_file(f, resources=resources, **kw)
           ~~~~~~~~~~~~~~^^^^^^^^^^^^^^^^^^^^^^^^^^^^^^
  File "C:\Users\anail\AppData\Local\Programs\Python\Python314\Lib\site-packages\nbconvert\exporters\exporter.py", line 220, in from_file
    return self.from_notebook_node(
           ~~~~~~~~~~~~~~~~~~~~~~~^
        nbformat.read(file_stream, as_version=4), resources=resources, **kw
        ^^^^^^^^^^^^^^^^^^^^^^^^^^^^^^^^^^^^^^^^^^^^^^^^^^^^^^^^^^^^^^^^^^^
    )
    ^
  File "C:\Users\anail\AppData\Local\Programs\Python\Python314\Lib\site-packages\nbconvert\exporters\notebook.py", line 36, in from_notebook_node
    nb_copy, resources = super().from_notebook_node(nb, resources, **kw)
                         ~~~~~~~~~~~~~~~~~~~~~~~~~~^^^^^^^^^^^^^^^^^^^^^
  File "C:\Users\anail\AppData\Local\Programs\Python\Python314\Lib\site-packages\nbconvert\exporters\exporter.py", line 154, in from_notebook_node
    nb_copy, resources = self._preprocess(nb_copy, resources)
                         ~~~~~~~~~~~~~~~~^^^^^^^^^^^^^^^^^^^^
  File "C:\Users\anail\AppData\Local\Programs\Python\Python314\Lib\site-packages\nbconvert\exporters\exporter.py", line 353, in _preprocess
    nbc, resc = preprocessor(nbc, resc)
                ~~~~~~~~~~~~^^^^^^^^^^^
  File "C:\Users\anail\AppData\Local\Programs\Python\Python314\Lib\site-packages\nbconvert\preprocessors\base.py", line 48, in __call__
    return self.preprocess(nb, resources)
           ~~~~~~~~~~~~~~~^^^^^^^^^^^^^^^
  File "C:\Users\anail\AppData\Local\Programs\Python\Python314\Lib\site-packages\nbconvert\preprocessors\execute.py", line 103, in preprocess
    self.preprocess_cell(cell, resources, index)
    ~~~~~~~~~~~~~~~~~~~~^^^^^^^^^^^^^^^^^^^^^^^^
  File "C:\Users\anail\AppData\Local\Programs\Python\Python314\Lib\site-packages\nbconvert\preprocessors\execute.py", line 124, in preprocess_cell
    cell = self.execute_cell(cell, index, store_history=True)
  File "C:\Users\anail\AppData\Local\Programs\Python\Python314\Lib\site-packages\jupyter_core\utils\__init__.py", line 165, in wrapped
    return loop.run_until_complete(inner)
           ~~~~~~~~~~~~~~~~~~~~~~~^^^^^^^
  File "C:\Users\anail\AppData\Local\Programs\Python\Python314\Lib\asyncio\base_events.py", line 719, in run_until_complete
    return future.result()
           ~~~~~~~~~~~~~^^
  File "C:\Users\anail\AppData\Local\Programs\Python\Python314\Lib\site-packages\nbclient\client.py", line 1062, in async_execute_cell
    await self._check_raise_for_error(cell, cell_index, exec_reply)
  File "C:\Users\anail\AppData\Local\Programs\Python\Python314\Lib\site-packages\nbclient\client.py", line 918, in _check_raise_for_error
    raise CellExecutionError.from_cell_and_msg(cell, exec_reply_content)
nbclient.exceptions.CellExecutionError: An error occurred while executing the following cell:
------------------
import pandas as pd
from dotenv import load_dotenv
import os

load_dotenv()

data_path = '../data/'

orders = pd.read_csv(data_path + 'olist_orders_dataset.csv')
order_items = pd.read_csv(data_path + 'olist_order_items_dataset.csv')
customers = pd.read_csv(data_path + 'olist_customers_dataset.csv')
products = pd.read_csv(data_path + 'olist_products_dataset.csv')
reviews = pd.read_csv(data_path + 'olist_order_reviews_dataset.csv')
category_translation = pd.read_csv(data_path + 'product_category_name_translation.csv')

print("Extração concluída!")
for nome, df in {'orders': orders, 'order_items': order_items, 'customers': customers,
                  'products': products, 'reviews': reviews}.items():
    print(f"  {nome}: {df.shape[0]:,} linhas | {df.shape[1]} colunas")
------------------


[31m---------------------------------------------------------------------------[39m
[31mFileNotFoundError[39m                         Traceback (most recent call last)
[36mCell[39m[36m [39m[32mIn[1][39m[32m, line 9[39m
[32m      5[39m load_dotenv()
[32m      7[39m data_path = [33m'[39m[33m../data/[39m[33m'[39m
[32m----> [39m[32m9[39m orders = [43mpd[49m[43m.[49m[43mread_csv[49m[43m([49m[43mdata_path[49m[43m [49m[43m+[49m[43m [49m[33;43m'[39;49m[33;43molist_orders_dataset.csv[39;49m[33;43m'[39;49m[43m)[49m
[32m     10[39m order_items = pd.read_csv(data_path + [33m'[39m[33molist_order_items_dataset.csv[39m[33m'[39m)
[32m     11[39m customers = pd.read_csv(data_path + [33m'[39m[33molist_customers_dataset.csv[39m[33m'[39m)

[36mFile [39m[32m~\AppData\Local\Programs\Python\Python314\Lib\site-packages\pandas\io\parsers\readers.py:1026[39m, in [36mread_csv[39m[34m(filepath_or_buffer, sep, delimiter, header, names, index_col, usecols, dtype, engine, converters, true_values, false_values, skipinitialspace, skiprows, skipfooter, nrows, na_values, keep_default_na, na_filter, verbose, skip_blank_lines, parse_dates, infer_datetime_format, keep_date_col, date_parser, date_format, dayfirst, cache_dates, iterator, chunksize, compression, thousands, decimal, lineterminator, quotechar, quoting, doublequote, escapechar, comment, encoding, encoding_errors, dialect, on_bad_lines, delim_whitespace, low_memory, memory_map, float_precision, storage_options, dtype_backend)[39m
[32m   1013[39m kwds_defaults = _refine_defaults_read(
[32m   1014[39m     dialect,
[32m   1015[39m     delimiter,
[32m   (...)[39m[32m   1022[39m     dtype_backend=dtype_backend,
[32m   1023[39m )
[32m   1024[39m kwds.update(kwds_defaults)
[32m-> [39m[32m1026[39m [38;5;28;01mreturn[39;00m [43m_read[49m[43m([49m[43mfilepath_or_buffer[49m[43m,[49m[43m [49m[43mkwds[49m[43m)[49m

[36mFile [39m[32m~\AppData\Local\Programs\Python\Python314\Lib\site-packages\pandas\io\parsers\readers.py:620[39m, in [36m_read[39m[34m(filepath_or_buffer, kwds)[39m
[32m    617[39m _validate_names(kwds.get([33m"[39m[33mnames[39m[33m"[39m, [38;5;28;01mNone[39;00m))
[32m    619[39m [38;5;66;03m# Create the parser.[39;00m
[32m--> [39m[32m620[39m parser = [43mTextFileReader[49m[43m([49m[43mfilepath_or_buffer[49m[43m,[49m[43m [49m[43m*[49m[43m*[49m[43mkwds[49m[43m)[49m
[32m    622[39m [38;5;28;01mif[39;00m chunksize [38;5;129;01mor[39;00m iterator:
[32m    623[39m     [38;5;28;01mreturn[39;00m parser

[36mFile [39m[32m~\AppData\Local\Programs\Python\Python314\Lib\site-packages\pandas\io\parsers\readers.py:1620[39m, in [36mTextFileReader.__init__[39m[34m(self, f, engine, **kwds)[39m
[32m   1617[39m     [38;5;28mself[39m.options[[33m"[39m[33mhas_index_names[39m[33m"[39m] = kwds[[33m"[39m[33mhas_index_names[39m[33m"[39m]
[32m   1619[39m [38;5;28mself[39m.handles: IOHandles | [38;5;28;01mNone[39;00m = [38;5;28;01mNone[39;00m
[32m-> [39m[32m1620[39m [38;5;28mself[39m._engine = [38;5;28;43mself[39;49m[43m.[49m[43m_make_engine[49m[43m([49m[43mf[49m[43m,[49m[43m [49m[38;5;28;43mself[39;49m[43m.[49m[43mengine[49m[43m)[49m

[36mFile [39m[32m~\AppData\Local\Programs\Python\Python314\Lib\site-packages\pandas\io\parsers\readers.py:1880[39m, in [36mTextFileReader._make_engine[39m[34m(self, f, engine)[39m
[32m   1878[39m     [38;5;28;01mif[39;00m [33m"[39m[33mb[39m[33m"[39m [38;5;129;01mnot[39;00m [38;5;129;01min[39;00m mode:
[32m   1879[39m         mode += [33m"[39m[33mb[39m[33m"[39m
[32m-> [39m[32m1880[39m [38;5;28mself[39m.handles = [43mget_handle[49m[43m([49m
[32m   1881[39m [43m    [49m[43mf[49m[43m,[49m
[32m   1882[39m [43m    [49m[43mmode[49m[43m,[49m
[32m   1883[39m [43m    [49m[43mencoding[49m[43m=[49m[38;5;28;43mself[39;49m[43m.[49m[43moptions[49m[43m.[49m[43mget[49m[43m([49m[33;43m"[39;49m[33;43mencoding[39;49m[33;43m"[39;49m[43m,[49m[43m [49m[38;5;28;43;01mNone[39;49;00m[43m)[49m[43m,[49m
[32m   1884[39m [43m    [49m[43mcompression[49m[43m=[49m[38;5;28;43mself[39;49m[43m.[49m[43moptions[49m[43m.[49m[43mget[49m[43m([49m[33;43m"[39;49m[33;43mcompression[39;49m[33;43m"[39;49m[43m,[49m[43m [49m[38;5;28;43;01mNone[39;49;00m[43m)[49m[43m,[49m
[32m   1885[39m [43m    [49m[43mmemory_map[49m[43m=[49m[38;5;28;43mself[39;49m[43m.[49m[43moptions[49m[43m.[49m[43mget[49m[43m([49m[33;43m"[39;49m[33;43mmemory_map[39;49m[33;43m"[39;49m[43m,[49m[43m [49m[38;5;28;43;01mFalse[39;49;00m[43m)[49m[43m,[49m
[32m   1886[39m [43m    [49m[43mis_text[49m[43m=[49m[43mis_text[49m[43m,[49m
[32m   1887[39m [43m    [49m[43merrors[49m[43m=[49m[38;5;28;43mself[39;49m[43m.[49m[43moptions[49m[43m.[49m[43mget[49m[43m([49m[33;43m"[39;49m[33;43mencoding_errors[39;49m[33;43m"[39;49m[43m,[49m[43m [49m[33;43m"[39;49m[33;43mstrict[39;49m[33;43m"[39;49m[43m)[49m[43m,[49m
[32m   1888[39m [43m    [49m[43mstorage_options[49m[43m=[49m[38;5;28;43mself[39;49m[43m.[49m[43moptions[49m[43m.[49m[43mget[49m[43m([49m[33;43m"[39;49m[33;43mstorage_options[39;49m[33;43m"[39;49m[43m,[49m[43m [49m[38;5;28;43;01mNone[39;49;00m[43m)[49m[43m,[49m
[32m   1889[39m [43m[49m[43m)[49m
[32m   1890[39m [38;5;28;01massert[39;00m [38;5;28mself[39m.handles [38;5;129;01mis[39;00m [38;5;129;01mnot[39;00m [38;5;28;01mNone[39;00m
[32m   1891[39m f = [38;5;28mself[39m.handles.handle

[36mFile [39m[32m~\AppData\Local\Programs\Python\Python314\Lib\site-packages\pandas\io\common.py:873[39m, in [36mget_handle[39m[34m(path_or_buf, mode, encoding, compression, memory_map, is_text, errors, storage_options)[39m
[32m    868[39m [38;5;28;01melif[39;00m [38;5;28misinstance[39m(handle, [38;5;28mstr[39m):
[32m    869[39m     [38;5;66;03m# Check whether the filename is to be opened in binary mode.[39;00m
[32m    870[39m     [38;5;66;03m# Binary mode does not support 'encoding' and 'newline'.[39;00m
[32m    871[39m     [38;5;28;01mif[39;00m ioargs.encoding [38;5;129;01mand[39;00m [33m"[39m[33mb[39m[33m"[39m [38;5;129;01mnot[39;00m [38;5;129;01min[39;00m ioargs.mode:
[32m    872[39m         [38;5;66;03m# Encoding[39;00m
[32m--> [39m[32m873[39m         handle = [38;5;28;43mopen[39;49m[43m([49m
[32m    874[39m [43m            [49m[43mhandle[49m[43m,[49m
[32m    875[39m [43m            [49m[43mioargs[49m[43m.[49m[43mmode[49m[43m,[49m
[32m    876[39m [43m            [49m[43mencoding[49m[43m=[49m[43mioargs[49m[43m.[49m[43mencoding[49m[43m,[49m
[32m    877[39m [43m            [49m[43merrors[49m[43m=[49m[43merrors[49m[43m,[49m
[32m    878[39m [43m            [49m[43mnewline[49m[43m=[49m[33;43m"[39;49m[33;43m"[39;49m[43m,[49m
[32m    879[39m [43m        [49m[43m)[49m
[32m    880[39m     [38;5;28;01melse[39;00m:
[32m    881[39m         [38;5;66;03m# Binary mode[39;00m
[32m    882[39m         handle = [38;5;28mopen[39m(handle, ioargs.mode)

[31mFileNotFoundError[39m: [Errno 2] No such file or directory: '../data/olist_orders_dataset.csv'


2026-03-20 09:51:01 [ERROR] Notebook falhou: notebooks\ETL\extract.ipynb
Verifique o arquivo pipeline.log para mais detalhes.
2026-03-20 09:51:01 [ERROR] Pipeline interrompido.
